 WARN [main] 2017-01-05 13:50:10,137 ContextHandler.java (line 1337) java.net.MalformedURLException: unknown protocol: f
 WARN [main] 2017-01-05 13:50:50,895 ContextHandler.java (line 1337) java.net.MalformedURLException: unknown protocol: f
 INFO [main] 2017-01-05 13:52:30,393 Server.java (line 268) jetty-8.1.8.v20121106
 INFO [main] 2017-01-05 13:52:30,794 StandardDescriptorProcessor.java (line 282) NO JSP Support for /, did not find org.apache.jasper.servlet.JspServlet
 INFO [main] 2017-01-05 13:52:30,878 ContextHandler.java (line 772) started o.e.j.w.WebAppContext{/,file:/E:/boyuan/boyuan/WebContent/}
 INFO [main] 2017-01-05 13:52:30,878 ContextHandler.java (line 772) started o.e.j.w.WebAppContext{/,file:/E:/boyuan/boyuan/WebContent/}
 INFO [main] 2017-01-05 13:52:30,894 ContextHandler.java (line 1990) Initializing Spring root WebApplicationContext
 INFO [main] 2017-01-05 13:52:30,894 ContextLoader.java (line 285) Root WebApplicationContext: initialization started
 INFO [main] 2017-01-05 13:52:30,998 AbstractApplicationContext.java (line 513) Refreshing Root WebApplicationContext: startup date [Thu Jan 05 13:52:30 CST 2017]; root of context hierarchy
 INFO [main] 2017-01-05 13:52:31,070 ContextLoader.java (line 325) Root WebApplicationContext: initialization completed in 176 ms
 INFO [main] 2017-01-05 13:52:31,071 ContextHandler.java (line 772) started o.e.j.w.WebAppContext{/,file:/E:/boyuan/boyuan/WebContent/}
 INFO [main] 2017-01-05 13:52:31,076 ContextHandler.java (line 772) started o.e.j.w.WebAppContext{/,file:/E:/boyuan/boyuan/WebContent/}
 WARN [main] 2017-01-05 13:52:31,119 AbstractLifeCycle.java (line 204) FAILED shiroFilter: org.springframework.beans.factory.NoSuchBeanDefinitionException: No bean named 'shiroFilter' is defined
org.springframework.beans.factory.NoSuchBeanDefinitionException: No bean named 'shiroFilter' is defined
	at org.springframework.beans.factory.support.DefaultListableBeanFactory.getBeanDefinition(DefaultListableBeanFactory.java:638)
	at org.springframework.beans.factory.support.AbstractBeanFactory.getMergedLocalBeanDefinition(AbstractBeanFactory.java:1159)
	at org.springframework.beans.factory.support.AbstractBeanFactory.doGetBean(AbstractBeanFactory.java:282)
	at org.springframework.beans.factory.support.AbstractBeanFactory.getBean(AbstractBeanFactory.java:200)
	at org.springframework.context.support.AbstractApplicationContext.getBean(AbstractApplicationContext.java:979)
	at org.springframework.web.filter.DelegatingFilterProxy.initDelegate(DelegatingFilterProxy.java:324)
	at org.springframework.web.filter.DelegatingFilterProxy.initFilterBean(DelegatingFilterProxy.java:235)
	at org.springframework.web.filter.GenericFilterBean.init(GenericFilterBean.java:199)
	at org.eclipse.jetty.servlet.FilterHolder.doStart(FilterHolder.java:119)
	at org.eclipse.jetty.util.component.AbstractLifeCycle.start(AbstractLifeCycle.java:64)
	at org.eclipse.jetty.servlet.ServletHandler.initialize(ServletHandler.java:724)
	at org.eclipse.jetty.servlet.ServletContextHandler.startContext(ServletContextHandler.java:265)
	at org.eclipse.jetty.webapp.WebAppContext.startContext(WebAppContext.java:1250)
	at org.eclipse.jetty.server.handler.ContextHandler.doStart(ContextHandler.java:706)
	at org.eclipse.jetty.webapp.WebAppContext.doStart(WebAppContext.java:492)
	at org.eclipse.jetty.util.component.AbstractLifeCycle.start(AbstractLifeCycle.java:64)
	at org.eclipse.jetty.server.handler.HandlerWrapper.doStart(HandlerWrapper.java:95)
	at org.eclipse.jetty.server.Server.doStart(Server.java:277)
	at org.eclipse.jetty.util.component.AbstractLifeCycle.start(AbstractLifeCycle.java:64)
	at test.sam.yh.shiro.ClientTest.beforeClass(ClientTest.java:47)
	at sun.reflect.NativeMethodAccessorImpl.invoke0(Native Method)
	at sun.reflect.NativeMethodAccessorImpl.invoke(NativeMethodAccessorImpl.java:57)
	at sun.reflect.DelegatingMethodAccessorImpl.invoke(DelegatingMethodAccessorImpl.java:43)
	at java.lang.reflect.Method.invoke(Method.java:606)
	at org.junit.runners.model.FrameworkMethod$1.runReflectiveCall(FrameworkMethod.java:47)
	at org.junit.internal.runners.model.ReflectiveCallable.run(ReflectiveCallable.java:12)
	at org.junit.runners.model.FrameworkMethod.invokeExplosively(FrameworkMethod.java:44)
	at org.junit.internal.runners.statements.RunBefores.evaluate(RunBefores.java:24)
	at org.junit.internal.runners.statements.RunAfters.evaluate(RunAfters.java:27)
	at org.junit.runners.ParentRunner.run(ParentRunner.java:309)
	at org.eclipse.jdt.internal.junit4.runner.JUnit4TestReference.run(JUnit4TestReference.java:50)
	at org.eclipse.jdt.internal.junit.runner.TestExecution.run(TestExecution.java:38)
	at org.eclipse.jdt.internal.junit.runner.RemoteTestRunner.runTests(RemoteTestRunner.java:467)
	at org.eclipse.jdt.internal.junit.runner.RemoteTestRunner.runTests(RemoteTestRunner.java:683)
	at org.eclipse.jdt.internal.junit.runner.RemoteTestRunner.run(RemoteTestRunner.java:390)
	at org.eclipse.jdt.internal.junit.runner.RemoteTestRunner.main(RemoteTestRunner.java:197)
 WARN [main] 2017-01-05 13:52:31,125 WebAppContext.java (line 501) Failed startup of context o.e.j.w.WebAppContext{/,file:/E:/boyuan/boyuan/WebContent/}
org.springframework.beans.factory.NoSuchBeanDefinitionException: No bean named 'shiroFilter' is defined
	at org.springframework.beans.factory.support.DefaultListableBeanFactory.getBeanDefinition(DefaultListableBeanFactory.java:638)
	at org.springframework.beans.factory.support.AbstractBeanFactory.getMergedLocalBeanDefinition(AbstractBeanFactory.java:1159)
	at org.springframework.beans.factory.support.AbstractBeanFactory.doGetBean(AbstractBeanFactory.java:282)
	at org.springframework.beans.factory.support.AbstractBeanFactory.getBean(AbstractBeanFactory.java:200)
	at org.springframework.context.support.AbstractApplicationContext.getBean(AbstractApplicationContext.java:979)
	at org.springframework.web.filter.DelegatingFilterProxy.initDelegate(DelegatingFilterProxy.java:324)
	at org.springframework.web.filter.DelegatingFilterProxy.initFilterBean(DelegatingFilterProxy.java:235)
	at org.springframework.web.filter.GenericFilterBean.init(GenericFilterBean.java:199)
	at org.eclipse.jetty.servlet.FilterHolder.doStart(FilterHolder.java:119)
	at org.eclipse.jetty.util.component.AbstractLifeCycle.start(AbstractLifeCycle.java:64)
	at org.eclipse.jetty.servlet.ServletHandler.initialize(ServletHandler.java:724)
	at org.eclipse.jetty.servlet.ServletContextHandler.startContext(ServletContextHandler.java:265)
	at org.eclipse.jetty.webapp.WebAppContext.startContext(WebAppContext.java:1250)
	at org.eclipse.jetty.server.handler.ContextHandler.doStart(ContextHandler.java:706)
	at org.eclipse.jetty.webapp.WebAppContext.doStart(WebAppContext.java:492)
	at org.eclipse.jetty.util.component.AbstractLifeCycle.start(AbstractLifeCycle.java:64)
	at org.eclipse.jetty.server.handler.HandlerWrapper.doStart(HandlerWrapper.java:95)
	at org.eclipse.jetty.server.Server.doStart(Server.java:277)
	at org.eclipse.jetty.util.component.AbstractLifeCycle.start(AbstractLifeCycle.java:64)
	at test.sam.yh.shiro.ClientTest.beforeClass(ClientTest.java:47)
	at sun.reflect.NativeMethodAccessorImpl.invoke0(Native Method)
	at sun.reflect.NativeMethodAccessorImpl.invoke(NativeMethodAccessorImpl.java:57)
	at sun.reflect.DelegatingMethodAccessorImpl.invoke(DelegatingMethodAccessorImpl.java:43)
	at java.lang.reflect.Method.invoke(Method.java:606)
	at org.junit.runners.model.FrameworkMethod$1.runReflectiveCall(FrameworkMethod.java:47)
	at org.junit.internal.runners.model.ReflectiveCallable.run(ReflectiveCallable.java:12)
	at org.junit.runners.model.FrameworkMethod.invokeExplosively(FrameworkMethod.java:44)
	at org.junit.internal.runners.statements.RunBefores.evaluate(RunBefores.java:24)
	at org.junit.internal.runners.statements.RunAfters.evaluate(RunAfters.java:27)
	at org.junit.runners.ParentRunner.run(ParentRunner.java:309)
	at org.eclipse.jdt.internal.junit4.runner.JUnit4TestReference.run(JUnit4TestReference.java:50)
	at org.eclipse.jdt.internal.junit.runner.TestExecution.run(TestExecution.java:38)
	at org.eclipse.jdt.internal.junit.runner.RemoteTestRunner.runTests(RemoteTestRunner.java:467)
	at org.eclipse.jdt.internal.junit.runner.RemoteTestRunner.runTests(RemoteTestRunner.java:683)
	at org.eclipse.jdt.internal.junit.runner.RemoteTestRunner.run(RemoteTestRunner.java:390)
	at org.eclipse.jdt.internal.junit.runner.RemoteTestRunner.main(RemoteTestRunner.java:197)
 WARN [main] 2017-01-05 13:52:31,135 AbstractLifeCycle.java (line 204) FAILED SelectChannelConnector@0.0.0.0:8090: java.net.BindException: Address already in use: bind
java.net.BindException: Address already in use: bind
	at sun.nio.ch.Net.bind0(Native Method)
	at sun.nio.ch.Net.bind(Net.java:444)
	at sun.nio.ch.Net.bind(Net.java:436)
	at sun.nio.ch.ServerSocketChannelImpl.bind(ServerSocketChannelImpl.java:214)
	at sun.nio.ch.ServerSocketAdaptor.bind(ServerSocketAdaptor.java:74)
	at org.eclipse.jetty.server.nio.SelectChannelConnector.open(SelectChannelConnector.java:187)
	at org.eclipse.jetty.server.AbstractConnector.doStart(AbstractConnector.java:316)
	at org.eclipse.jetty.server.nio.SelectChannelConnector.doStart(SelectChannelConnector.java:265)
	at org.eclipse.jetty.util.component.AbstractLifeCycle.start(AbstractLifeCycle.java:64)
	at org.eclipse.jetty.server.Server.doStart(Server.java:288)
	at org.eclipse.jetty.util.component.AbstractLifeCycle.start(AbstractLifeCycle.java:64)
	at test.sam.yh.shiro.ClientTest.beforeClass(ClientTest.java:47)
	at sun.reflect.NativeMethodAccessorImpl.invoke0(Native Method)
	at sun.reflect.NativeMethodAccessorImpl.invoke(NativeMethodAccessorImpl.java:57)
	at sun.reflect.DelegatingMethodAccessorImpl.invoke(DelegatingMethodAccessorImpl.java:43)
	at java.lang.reflect.Method.invoke(Method.java:606)
	at org.junit.runners.model.FrameworkMethod$1.runReflectiveCall(FrameworkMethod.java:47)
	at org.junit.internal.runners.model.ReflectiveCallable.run(ReflectiveCallable.java:12)
	at org.junit.runners.model.FrameworkMethod.invokeExplosively(FrameworkMethod.java:44)
	at org.junit.internal.runners.statements.RunBefores.evaluate(RunBefores.java:24)
	at org.junit.internal.runners.statements.RunAfters.evaluate(RunAfters.java:27)
	at org.junit.runners.ParentRunner.run(ParentRunner.java:309)
	at org.eclipse.jdt.internal.junit4.runner.JUnit4TestReference.run(JUnit4TestReference.java:50)
	at org.eclipse.jdt.internal.junit.runner.TestExecution.run(TestExecution.java:38)
	at org.eclipse.jdt.internal.junit.runner.RemoteTestRunner.runTests(RemoteTestRunner.java:467)
	at org.eclipse.jdt.internal.junit.runner.RemoteTestRunner.runTests(RemoteTestRunner.java:683)
	at org.eclipse.jdt.internal.junit.runner.RemoteTestRunner.run(RemoteTestRunner.java:390)
	at org.eclipse.jdt.internal.junit.runner.RemoteTestRunner.main(RemoteTestRunner.java:197)
 WARN [main] 2017-01-05 13:52:31,139 AbstractLifeCycle.java (line 204) FAILED org.eclipse.jetty.server.Server@98985e: java.net.BindException: Address already in use: bind
java.net.BindException: Address already in use: bind
	at sun.nio.ch.Net.bind0(Native Method)
	at sun.nio.ch.Net.bind(Net.java:444)
	at sun.nio.ch.Net.bind(Net.java:436)
	at sun.nio.ch.ServerSocketChannelImpl.bind(ServerSocketChannelImpl.java:214)
	at sun.nio.ch.ServerSocketAdaptor.bind(ServerSocketAdaptor.java:74)
	at org.eclipse.jetty.server.nio.SelectChannelConnector.open(SelectChannelConnector.java:187)
	at org.eclipse.jetty.server.AbstractConnector.doStart(AbstractConnector.java:316)
	at org.eclipse.jetty.server.nio.SelectChannelConnector.doStart(SelectChannelConnector.java:265)
	at org.eclipse.jetty.util.component.AbstractLifeCycle.start(AbstractLifeCycle.java:64)
	at org.eclipse.jetty.server.Server.doStart(Server.java:288)
	at org.eclipse.jetty.util.component.AbstractLifeCycle.start(AbstractLifeCycle.java:64)
	at test.sam.yh.shiro.ClientTest.beforeClass(ClientTest.java:47)
	at sun.reflect.NativeMethodAccessorImpl.invoke0(Native Method)
	at sun.reflect.NativeMethodAccessorImpl.invoke(NativeMethodAccessorImpl.java:57)
	at sun.reflect.DelegatingMethodAccessorImpl.invoke(DelegatingMethodAccessorImpl.java:43)
	at java.lang.reflect.Method.invoke(Method.java:606)
	at org.junit.runners.model.FrameworkMethod$1.runReflectiveCall(FrameworkMethod.java:47)
	at org.junit.internal.runners.model.ReflectiveCallable.run(ReflectiveCallable.java:12)
	at org.junit.runners.model.FrameworkMethod.invokeExplosively(FrameworkMethod.java:44)
	at org.junit.internal.runners.statements.RunBefores.evaluate(RunBefores.java:24)
	at org.junit.internal.runners.statements.RunAfters.evaluate(RunAfters.java:27)
	at org.junit.runners.ParentRunner.run(ParentRunner.java:309)
	at org.eclipse.jdt.internal.junit4.runner.JUnit4TestReference.run(JUnit4TestReference.java:50)
	at org.eclipse.jdt.internal.junit.runner.TestExecution.run(TestExecution.java:38)
	at org.eclipse.jdt.internal.junit.runner.RemoteTestRunner.runTests(RemoteTestRunner.java:467)
	at org.eclipse.jdt.internal.junit.runner.RemoteTestRunner.runTests(RemoteTestRunner.java:683)
	at org.eclipse.jdt.internal.junit.runner.RemoteTestRunner.run(RemoteTestRunner.java:390)
	at org.eclipse.jdt.internal.junit.runner.RemoteTestRunner.main(RemoteTestRunner.java:197)
 INFO [main] 2017-01-05 13:52:31,140 ContextHandler.java (line 1990) Closing Spring root WebApplicationContext
 INFO [main] 2017-01-05 13:52:31,141 AbstractApplicationContext.java (line 873) Closing Root WebApplicationContext: startup date [Thu Jan 05 13:52:30 CST 2017]; root of context hierarchy
 INFO [main] 2017-01-05 13:52:31,153 ELContextCleaner.java (line 63) javax.el.BeanELResolver purged
 INFO [main] 2017-01-05 13:52:31,153 ContextHandler.java (line 829) stopped o.e.j.w.WebAppContext{/,file:/E:/boyuan/boyuan/WebContent/}
 INFO [main] 2017-01-05 13:54:40,393 Server.java (line 268) jetty-8.1.8.v20121106
 INFO [main] 2017-01-05 13:54:40,687 StandardDescriptorProcessor.java (line 282) NO JSP Support for /, did not find org.apache.jasper.servlet.JspServlet
 INFO [main] 2017-01-05 13:54:40,739 ContextHandler.java (line 772) started o.e.j.w.WebAppContext{/,file:/E:/boyuan/boyuan/WebContent/}
 INFO [main] 2017-01-05 13:54:40,740 ContextHandler.java (line 772) started o.e.j.w.WebAppContext{/,file:/E:/boyuan/boyuan/WebContent/}
 INFO [main] 2017-01-05 13:54:40,757 ContextHandler.java (line 1990) Initializing Spring root WebApplicationContext
 INFO [main] 2017-01-05 13:54:40,757 ContextLoader.java (line 285) Root WebApplicationContext: initialization started
 INFO [main] 2017-01-05 13:54:40,855 AbstractApplicationContext.java (line 513) Refreshing Root WebApplicationContext: startup date [Thu Jan 05 13:54:40 CST 2017]; root of context hierarchy
 INFO [main] 2017-01-05 13:54:40,931 ContextLoader.java (line 325) Root WebApplicationContext: initialization completed in 173 ms
 INFO [main] 2017-01-05 13:54:40,931 ContextHandler.java (line 772) started o.e.j.w.WebAppContext{/,file:/E:/boyuan/boyuan/WebContent/}
 INFO [main] 2017-01-05 13:54:40,938 ContextHandler.java (line 772) started o.e.j.w.WebAppContext{/,file:/E:/boyuan/boyuan/WebContent/}
 WARN [main] 2017-01-05 13:54:40,981 AbstractLifeCycle.java (line 204) FAILED shiroFilter: org.springframework.beans.factory.NoSuchBeanDefinitionException: No bean named 'shiroFilter' is defined
org.springframework.beans.factory.NoSuchBeanDefinitionException: No bean named 'shiroFilter' is defined
	at org.springframework.beans.factory.support.DefaultListableBeanFactory.getBeanDefinition(DefaultListableBeanFactory.java:638)
	at org.springframework.beans.factory.support.AbstractBeanFactory.getMergedLocalBeanDefinition(AbstractBeanFactory.java:1159)
	at org.springframework.beans.factory.support.AbstractBeanFactory.doGetBean(AbstractBeanFactory.java:282)
	at org.springframework.beans.factory.support.AbstractBeanFactory.getBean(AbstractBeanFactory.java:200)
	at org.springframework.context.support.AbstractApplicationContext.getBean(AbstractApplicationContext.java:979)
	at org.springframework.web.filter.DelegatingFilterProxy.initDelegate(DelegatingFilterProxy.java:324)
	at org.springframework.web.filter.DelegatingFilterProxy.initFilterBean(DelegatingFilterProxy.java:235)
	at org.springframework.web.filter.GenericFilterBean.init(GenericFilterBean.java:199)
	at org.eclipse.jetty.servlet.FilterHolder.doStart(FilterHolder.java:119)
	at org.eclipse.jetty.util.component.AbstractLifeCycle.start(AbstractLifeCycle.java:64)
	at org.eclipse.jetty.servlet.ServletHandler.initialize(ServletHandler.java:724)
	at org.eclipse.jetty.servlet.ServletContextHandler.startContext(ServletContextHandler.java:265)
	at org.eclipse.jetty.webapp.WebAppContext.startContext(WebAppContext.java:1250)
	at org.eclipse.jetty.server.handler.ContextHandler.doStart(ContextHandler.java:706)
	at org.eclipse.jetty.webapp.WebAppContext.doStart(WebAppContext.java:492)
	at org.eclipse.jetty.util.component.AbstractLifeCycle.start(AbstractLifeCycle.java:64)
	at org.eclipse.jetty.server.handler.HandlerWrapper.doStart(HandlerWrapper.java:95)
	at org.eclipse.jetty.server.Server.doStart(Server.java:277)
	at org.eclipse.jetty.util.component.AbstractLifeCycle.start(AbstractLifeCycle.java:64)
	at test.sam.yh.original.UserSigninTest.beforeClass(UserSigninTest.java:38)
	at sun.reflect.NativeMethodAccessorImpl.invoke0(Native Method)
	at sun.reflect.NativeMethodAccessorImpl.invoke(NativeMethodAccessorImpl.java:57)
	at sun.reflect.DelegatingMethodAccessorImpl.invoke(DelegatingMethodAccessorImpl.java:43)
	at java.lang.reflect.Method.invoke(Method.java:606)
	at org.junit.runners.model.FrameworkMethod$1.runReflectiveCall(FrameworkMethod.java:47)
	at org.junit.internal.runners.model.ReflectiveCallable.run(ReflectiveCallable.java:12)
	at org.junit.runners.model.FrameworkMethod.invokeExplosively(FrameworkMethod.java:44)
	at org.junit.internal.runners.statements.RunBefores.evaluate(RunBefores.java:24)
	at org.junit.internal.runners.statements.RunAfters.evaluate(RunAfters.java:27)
	at org.junit.runners.ParentRunner.run(ParentRunner.java:309)
	at org.eclipse.jdt.internal.junit4.runner.JUnit4TestReference.run(JUnit4TestReference.java:50)
	at org.eclipse.jdt.internal.junit.runner.TestExecution.run(TestExecution.java:38)
	at org.eclipse.jdt.internal.junit.runner.RemoteTestRunner.runTests(RemoteTestRunner.java:467)
	at org.eclipse.jdt.internal.junit.runner.RemoteTestRunner.runTests(RemoteTestRunner.java:683)
	at org.eclipse.jdt.internal.junit.runner.RemoteTestRunner.run(RemoteTestRunner.java:390)
	at org.eclipse.jdt.internal.junit.runner.RemoteTestRunner.main(RemoteTestRunner.java:197)
 WARN [main] 2017-01-05 13:54:40,984 WebAppContext.java (line 501) Failed startup of context o.e.j.w.WebAppContext{/,file:/E:/boyuan/boyuan/WebContent/}
org.springframework.beans.factory.NoSuchBeanDefinitionException: No bean named 'shiroFilter' is defined
	at org.springframework.beans.factory.support.DefaultListableBeanFactory.getBeanDefinition(DefaultListableBeanFactory.java:638)
	at org.springframework.beans.factory.support.AbstractBeanFactory.getMergedLocalBeanDefinition(AbstractBeanFactory.java:1159)
	at org.springframework.beans.factory.support.AbstractBeanFactory.doGetBean(AbstractBeanFactory.java:282)
	at org.springframework.beans.factory.support.AbstractBeanFactory.getBean(AbstractBeanFactory.java:200)
	at org.springframework.context.support.AbstractApplicationContext.getBean(AbstractApplicationContext.java:979)
	at org.springframework.web.filter.DelegatingFilterProxy.initDelegate(DelegatingFilterProxy.java:324)
	at org.springframework.web.filter.DelegatingFilterProxy.initFilterBean(DelegatingFilterProxy.java:235)
	at org.springframework.web.filter.GenericFilterBean.init(GenericFilterBean.java:199)
	at org.eclipse.jetty.servlet.FilterHolder.doStart(FilterHolder.java:119)
	at org.eclipse.jetty.util.component.AbstractLifeCycle.start(AbstractLifeCycle.java:64)
	at org.eclipse.jetty.servlet.ServletHandler.initialize(ServletHandler.java:724)
	at org.eclipse.jetty.servlet.ServletContextHandler.startContext(ServletContextHandler.java:265)
	at org.eclipse.jetty.webapp.WebAppContext.startContext(WebAppContext.java:1250)
	at org.eclipse.jetty.server.handler.ContextHandler.doStart(ContextHandler.java:706)
	at org.eclipse.jetty.webapp.WebAppContext.doStart(WebAppContext.java:492)
	at org.eclipse.jetty.util.component.AbstractLifeCycle.start(AbstractLifeCycle.java:64)
	at org.eclipse.jetty.server.handler.HandlerWrapper.doStart(HandlerWrapper.java:95)
	at org.eclipse.jetty.server.Server.doStart(Server.java:277)
	at org.eclipse.jetty.util.component.AbstractLifeCycle.start(AbstractLifeCycle.java:64)
	at test.sam.yh.original.UserSigninTest.beforeClass(UserSigninTest.java:38)
	at sun.reflect.NativeMethodAccessorImpl.invoke0(Native Method)
	at sun.reflect.NativeMethodAccessorImpl.invoke(NativeMethodAccessorImpl.java:57)
	at sun.reflect.DelegatingMethodAccessorImpl.invoke(DelegatingMethodAccessorImpl.java:43)
	at java.lang.reflect.Method.invoke(Method.java:606)
	at org.junit.runners.model.FrameworkMethod$1.runReflectiveCall(FrameworkMethod.java:47)
	at org.junit.internal.runners.model.ReflectiveCallable.run(ReflectiveCallable.java:12)
	at org.junit.runners.model.FrameworkMethod.invokeExplosively(FrameworkMethod.java:44)
	at org.junit.internal.runners.statements.RunBefores.evaluate(RunBefores.java:24)
	at org.junit.internal.runners.statements.RunAfters.evaluate(RunAfters.java:27)
	at org.junit.runners.ParentRunner.run(ParentRunner.java:309)
	at org.eclipse.jdt.internal.junit4.runner.JUnit4TestReference.run(JUnit4TestReference.java:50)
	at org.eclipse.jdt.internal.junit.runner.TestExecution.run(TestExecution.java:38)
	at org.eclipse.jdt.internal.junit.runner.RemoteTestRunner.runTests(RemoteTestRunner.java:467)
	at org.eclipse.jdt.internal.junit.runner.RemoteTestRunner.runTests(RemoteTestRunner.java:683)
	at org.eclipse.jdt.internal.junit.runner.RemoteTestRunner.run(RemoteTestRunner.java:390)
	at org.eclipse.jdt.internal.junit.runner.RemoteTestRunner.main(RemoteTestRunner.java:197)
 WARN [main] 2017-01-05 13:54:40,992 AbstractLifeCycle.java (line 204) FAILED SelectChannelConnector@0.0.0.0:8090: java.net.BindException: Address already in use: bind
java.net.BindException: Address already in use: bind
	at sun.nio.ch.Net.bind0(Native Method)
	at sun.nio.ch.Net.bind(Net.java:444)
	at sun.nio.ch.Net.bind(Net.java:436)
	at sun.nio.ch.ServerSocketChannelImpl.bind(ServerSocketChannelImpl.java:214)
	at sun.nio.ch.ServerSocketAdaptor.bind(ServerSocketAdaptor.java:74)
	at org.eclipse.jetty.server.nio.SelectChannelConnector.open(SelectChannelConnector.java:187)
	at org.eclipse.jetty.server.AbstractConnector.doStart(AbstractConnector.java:316)
	at org.eclipse.jetty.server.nio.SelectChannelConnector.doStart(SelectChannelConnector.java:265)
	at org.eclipse.jetty.util.component.AbstractLifeCycle.start(AbstractLifeCycle.java:64)
	at org.eclipse.jetty.server.Server.doStart(Server.java:288)
	at org.eclipse.jetty.util.component.AbstractLifeCycle.start(AbstractLifeCycle.java:64)
	at test.sam.yh.original.UserSigninTest.beforeClass(UserSigninTest.java:38)
	at sun.reflect.NativeMethodAccessorImpl.invoke0(Native Method)
	at sun.reflect.NativeMethodAccessorImpl.invoke(NativeMethodAccessorImpl.java:57)
	at sun.reflect.DelegatingMethodAccessorImpl.invoke(DelegatingMethodAccessorImpl.java:43)
	at java.lang.reflect.Method.invoke(Method.java:606)
	at org.junit.runners.model.FrameworkMethod$1.runReflectiveCall(FrameworkMethod.java:47)
	at org.junit.internal.runners.model.ReflectiveCallable.run(ReflectiveCallable.java:12)
	at org.junit.runners.model.FrameworkMethod.invokeExplosively(FrameworkMethod.java:44)
	at org.junit.internal.runners.statements.RunBefores.evaluate(RunBefores.java:24)
	at org.junit.internal.runners.statements.RunAfters.evaluate(RunAfters.java:27)
	at org.junit.runners.ParentRunner.run(ParentRunner.java:309)
	at org.eclipse.jdt.internal.junit4.runner.JUnit4TestReference.run(JUnit4TestReference.java:50)
	at org.eclipse.jdt.internal.junit.runner.TestExecution.run(TestExecution.java:38)
	at org.eclipse.jdt.internal.junit.runner.RemoteTestRunner.runTests(RemoteTestRunner.java:467)
	at org.eclipse.jdt.internal.junit.runner.RemoteTestRunner.runTests(RemoteTestRunner.java:683)
	at org.eclipse.jdt.internal.junit.runner.RemoteTestRunner.run(RemoteTestRunner.java:390)
	at org.eclipse.jdt.internal.junit.runner.RemoteTestRunner.main(RemoteTestRunner.java:197)
 WARN [main] 2017-01-05 13:54:40,993 AbstractLifeCycle.java (line 204) FAILED org.eclipse.jetty.server.Server@f7f738: java.net.BindException: Address already in use: bind
java.net.BindException: Address already in use: bind
	at sun.nio.ch.Net.bind0(Native Method)
	at sun.nio.ch.Net.bind(Net.java:444)
	at sun.nio.ch.Net.bind(Net.java:436)
	at sun.nio.ch.ServerSocketChannelImpl.bind(ServerSocketChannelImpl.java:214)
	at sun.nio.ch.ServerSocketAdaptor.bind(ServerSocketAdaptor.java:74)
	at org.eclipse.jetty.server.nio.SelectChannelConnector.open(SelectChannelConnector.java:187)
	at org.eclipse.jetty.server.AbstractConnector.doStart(AbstractConnector.java:316)
	at org.eclipse.jetty.server.nio.SelectChannelConnector.doStart(SelectChannelConnector.java:265)
	at org.eclipse.jetty.util.component.AbstractLifeCycle.start(AbstractLifeCycle.java:64)
	at org.eclipse.jetty.server.Server.doStart(Server.java:288)
	at org.eclipse.jetty.util.component.AbstractLifeCycle.start(AbstractLifeCycle.java:64)
	at test.sam.yh.original.UserSigninTest.beforeClass(UserSigninTest.java:38)
	at sun.reflect.NativeMethodAccessorImpl.invoke0(Native Method)
	at sun.reflect.NativeMethodAccessorImpl.invoke(NativeMethodAccessorImpl.java:57)
	at sun.reflect.DelegatingMethodAccessorImpl.invoke(DelegatingMethodAccessorImpl.java:43)
	at java.lang.reflect.Method.invoke(Method.java:606)
	at org.junit.runners.model.FrameworkMethod$1.runReflectiveCall(FrameworkMethod.java:47)
	at org.junit.internal.runners.model.ReflectiveCallable.run(ReflectiveCallable.java:12)
	at org.junit.runners.model.FrameworkMethod.invokeExplosively(FrameworkMethod.java:44)
	at org.junit.internal.runners.statements.RunBefores.evaluate(RunBefores.java:24)
	at org.junit.internal.runners.statements.RunAfters.evaluate(RunAfters.java:27)
	at org.junit.runners.ParentRunner.run(ParentRunner.java:309)
	at org.eclipse.jdt.internal.junit4.runner.JUnit4TestReference.run(JUnit4TestReference.java:50)
	at org.eclipse.jdt.internal.junit.runner.TestExecution.run(TestExecution.java:38)
	at org.eclipse.jdt.internal.junit.runner.RemoteTestRunner.runTests(RemoteTestRunner.java:467)
	at org.eclipse.jdt.internal.junit.runner.RemoteTestRunner.runTests(RemoteTestRunner.java:683)
	at org.eclipse.jdt.internal.junit.runner.RemoteTestRunner.run(RemoteTestRunner.java:390)
	at org.eclipse.jdt.internal.junit.runner.RemoteTestRunner.main(RemoteTestRunner.java:197)
 INFO [main] 2017-01-05 13:54:40,995 ContextHandler.java (line 1990) Closing Spring root WebApplicationContext
 INFO [main] 2017-01-05 13:54:40,995 AbstractApplicationContext.java (line 873) Closing Root WebApplicationContext: startup date [Thu Jan 05 13:54:40 CST 2017]; root of context hierarchy
 INFO [main] 2017-01-05 13:54:41,003 ELContextCleaner.java (line 63) javax.el.BeanELResolver purged
 INFO [main] 2017-01-05 13:54:41,004 ContextHandler.java (line 829) stopped o.e.j.w.WebAppContext{/,file:/E:/boyuan/boyuan/WebContent/}
 INFO [main] 2017-01-05 13:55:59,699 Server.java (line 268) jetty-8.1.8.v20121106
 INFO [main] 2017-01-05 13:56:00,012 StandardDescriptorProcessor.java (line 282) NO JSP Support for /, did not find org.apache.jasper.servlet.JspServlet
 INFO [main] 2017-01-05 13:56:00,082 ContextHandler.java (line 772) started o.e.j.w.WebAppContext{/,file:/E:/boyuan/boyuan/WebContent/}
 INFO [main] 2017-01-05 13:56:00,083 ContextHandler.java (line 772) started o.e.j.w.WebAppContext{/,file:/E:/boyuan/boyuan/WebContent/}
 INFO [main] 2017-01-05 13:56:00,099 ContextHandler.java (line 1990) Initializing Spring root WebApplicationContext
 INFO [main] 2017-01-05 13:56:00,099 ContextLoader.java (line 285) Root WebApplicationContext: initialization started
 INFO [main] 2017-01-05 13:56:00,210 AbstractApplicationContext.java (line 513) Refreshing Root WebApplicationContext: startup date [Thu Jan 05 13:56:00 CST 2017]; root of context hierarchy
 INFO [main] 2017-01-05 13:56:00,284 ContextLoader.java (line 325) Root WebApplicationContext: initialization completed in 185 ms
 INFO [main] 2017-01-05 13:56:00,284 ContextHandler.java (line 772) started o.e.j.w.WebAppContext{/,file:/E:/boyuan/boyuan/WebContent/}
 INFO [main] 2017-01-05 13:56:00,290 ContextHandler.java (line 772) started o.e.j.w.WebAppContext{/,file:/E:/boyuan/boyuan/WebContent/}
 WARN [main] 2017-01-05 13:56:00,335 AbstractLifeCycle.java (line 204) FAILED shiroFilter: org.springframework.beans.factory.NoSuchBeanDefinitionException: No bean named 'shiroFilter' is defined
org.springframework.beans.factory.NoSuchBeanDefinitionException: No bean named 'shiroFilter' is defined
	at org.springframework.beans.factory.support.DefaultListableBeanFactory.getBeanDefinition(DefaultListableBeanFactory.java:638)
	at org.springframework.beans.factory.support.AbstractBeanFactory.getMergedLocalBeanDefinition(AbstractBeanFactory.java:1159)
	at org.springframework.beans.factory.support.AbstractBeanFactory.doGetBean(AbstractBeanFactory.java:282)
	at org.springframework.beans.factory.support.AbstractBeanFactory.getBean(AbstractBeanFactory.java:200)
	at org.springframework.context.support.AbstractApplicationContext.getBean(AbstractApplicationContext.java:979)
	at org.springframework.web.filter.DelegatingFilterProxy.initDelegate(DelegatingFilterProxy.java:324)
	at org.springframework.web.filter.DelegatingFilterProxy.initFilterBean(DelegatingFilterProxy.java:235)
	at org.springframework.web.filter.GenericFilterBean.init(GenericFilterBean.java:199)
	at org.eclipse.jetty.servlet.FilterHolder.doStart(FilterHolder.java:119)
	at org.eclipse.jetty.util.component.AbstractLifeCycle.start(AbstractLifeCycle.java:64)
	at org.eclipse.jetty.servlet.ServletHandler.initialize(ServletHandler.java:724)
	at org.eclipse.jetty.servlet.ServletContextHandler.startContext(ServletContextHandler.java:265)
	at org.eclipse.jetty.webapp.WebAppContext.startContext(WebAppContext.java:1250)
	at org.eclipse.jetty.server.handler.ContextHandler.doStart(ContextHandler.java:706)
	at org.eclipse.jetty.webapp.WebAppContext.doStart(WebAppContext.java:492)
	at org.eclipse.jetty.util.component.AbstractLifeCycle.start(AbstractLifeCycle.java:64)
	at org.eclipse.jetty.server.handler.HandlerWrapper.doStart(HandlerWrapper.java:95)
	at org.eclipse.jetty.server.Server.doStart(Server.java:277)
	at org.eclipse.jetty.util.component.AbstractLifeCycle.start(AbstractLifeCycle.java:64)
	at test.sam.yh.original.UserSigninTest.beforeClass(UserSigninTest.java:38)
	at sun.reflect.NativeMethodAccessorImpl.invoke0(Native Method)
	at sun.reflect.NativeMethodAccessorImpl.invoke(NativeMethodAccessorImpl.java:57)
	at sun.reflect.DelegatingMethodAccessorImpl.invoke(DelegatingMethodAccessorImpl.java:43)
	at java.lang.reflect.Method.invoke(Method.java:606)
	at org.junit.runners.model.FrameworkMethod$1.runReflectiveCall(FrameworkMethod.java:47)
	at org.junit.internal.runners.model.ReflectiveCallable.run(ReflectiveCallable.java:12)
	at org.junit.runners.model.FrameworkMethod.invokeExplosively(FrameworkMethod.java:44)
	at org.junit.internal.runners.statements.RunBefores.evaluate(RunBefores.java:24)
	at org.junit.internal.runners.statements.RunAfters.evaluate(RunAfters.java:27)
	at org.junit.runners.ParentRunner.run(ParentRunner.java:309)
	at org.eclipse.jdt.internal.junit4.runner.JUnit4TestReference.run(JUnit4TestReference.java:50)
	at org.eclipse.jdt.internal.junit.runner.TestExecution.run(TestExecution.java:38)
	at org.eclipse.jdt.internal.junit.runner.RemoteTestRunner.runTests(RemoteTestRunner.java:467)
	at org.eclipse.jdt.internal.junit.runner.RemoteTestRunner.runTests(RemoteTestRunner.java:683)
	at org.eclipse.jdt.internal.junit.runner.RemoteTestRunner.run(RemoteTestRunner.java:390)
	at org.eclipse.jdt.internal.junit.runner.RemoteTestRunner.main(RemoteTestRunner.java:197)
 WARN [main] 2017-01-05 13:56:00,338 WebAppContext.java (line 501) Failed startup of context o.e.j.w.WebAppContext{/,file:/E:/boyuan/boyuan/WebContent/}
org.springframework.beans.factory.NoSuchBeanDefinitionException: No bean named 'shiroFilter' is defined
	at org.springframework.beans.factory.support.DefaultListableBeanFactory.getBeanDefinition(DefaultListableBeanFactory.java:638)
	at org.springframework.beans.factory.support.AbstractBeanFactory.getMergedLocalBeanDefinition(AbstractBeanFactory.java:1159)
	at org.springframework.beans.factory.support.AbstractBeanFactory.doGetBean(AbstractBeanFactory.java:282)
	at org.springframework.beans.factory.support.AbstractBeanFactory.getBean(AbstractBeanFactory.java:200)
	at org.springframework.context.support.AbstractApplicationContext.getBean(AbstractApplicationContext.java:979)
	at org.springframework.web.filter.DelegatingFilterProxy.initDelegate(DelegatingFilterProxy.java:324)
	at org.springframework.web.filter.DelegatingFilterProxy.initFilterBean(DelegatingFilterProxy.java:235)
	at org.springframework.web.filter.GenericFilterBean.init(GenericFilterBean.java:199)
	at org.eclipse.jetty.servlet.FilterHolder.doStart(FilterHolder.java:119)
	at org.eclipse.jetty.util.component.AbstractLifeCycle.start(AbstractLifeCycle.java:64)
	at org.eclipse.jetty.servlet.ServletHandler.initialize(ServletHandler.java:724)
	at org.eclipse.jetty.servlet.ServletContextHandler.startContext(ServletContextHandler.java:265)
	at org.eclipse.jetty.webapp.WebAppContext.startContext(WebAppContext.java:1250)
	at org.eclipse.jetty.server.handler.ContextHandler.doStart(ContextHandler.java:706)
	at org.eclipse.jetty.webapp.WebAppContext.doStart(WebAppContext.java:492)
	at org.eclipse.jetty.util.component.AbstractLifeCycle.start(AbstractLifeCycle.java:64)
	at org.eclipse.jetty.server.handler.HandlerWrapper.doStart(HandlerWrapper.java:95)
	at org.eclipse.jetty.server.Server.doStart(Server.java:277)
	at org.eclipse.jetty.util.component.AbstractLifeCycle.start(AbstractLifeCycle.java:64)
	at test.sam.yh.original.UserSigninTest.beforeClass(UserSigninTest.java:38)
	at sun.reflect.NativeMethodAccessorImpl.invoke0(Native Method)
	at sun.reflect.NativeMethodAccessorImpl.invoke(NativeMethodAccessorImpl.java:57)
	at sun.reflect.DelegatingMethodAccessorImpl.invoke(DelegatingMethodAccessorImpl.java:43)
	at java.lang.reflect.Method.invoke(Method.java:606)
	at org.junit.runners.model.FrameworkMethod$1.runReflectiveCall(FrameworkMethod.java:47)
	at org.junit.internal.runners.model.ReflectiveCallable.run(ReflectiveCallable.java:12)
	at org.junit.runners.model.FrameworkMethod.invokeExplosively(FrameworkMethod.java:44)
	at org.junit.internal.runners.statements.RunBefores.evaluate(RunBefores.java:24)
	at org.junit.internal.runners.statements.RunAfters.evaluate(RunAfters.java:27)
	at org.junit.runners.ParentRunner.run(ParentRunner.java:309)
	at org.eclipse.jdt.internal.junit4.runner.JUnit4TestReference.run(JUnit4TestReference.java:50)
	at org.eclipse.jdt.internal.junit.runner.TestExecution.run(TestExecution.java:38)
	at org.eclipse.jdt.internal.junit.runner.RemoteTestRunner.runTests(RemoteTestRunner.java:467)
	at org.eclipse.jdt.internal.junit.runner.RemoteTestRunner.runTests(RemoteTestRunner.java:683)
	at org.eclipse.jdt.internal.junit.runner.RemoteTestRunner.run(RemoteTestRunner.java:390)
	at org.eclipse.jdt.internal.junit.runner.RemoteTestRunner.main(RemoteTestRunner.java:197)
 INFO [main] 2017-01-05 13:56:00,387 AbstractConnector.java (line 338) Started SelectChannelConnector@0.0.0.0:8090
 INFO [main] 2017-01-05 13:56:00,839 UserSigninTest.java (line 54) Reuqest json String:{"deviceInfo":"XXXXXXXXXXX","password":"123456789","userPhone":"18321014213"}
 INFO [main] 2017-01-05 13:56:00,848 UserSigninTest.java (line 58) Request URL:http://localhost:8090/user/signin.json
 WARN [main] 2017-01-05 13:56:01,141 RestTemplate.java (line 581) POST request for "http://localhost:8090/user/signin.json" resulted in 503 (Service Unavailable); invoking error handler
 INFO [main] 2017-01-05 13:56:01,159 ContextHandler.java (line 1990) Closing Spring root WebApplicationContext
 INFO [main] 2017-01-05 13:56:01,159 AbstractApplicationContext.java (line 873) Closing Root WebApplicationContext: startup date [Thu Jan 05 13:56:00 CST 2017]; root of context hierarchy
 INFO [main] 2017-01-05 13:56:01,163 ELContextCleaner.java (line 63) javax.el.BeanELResolver purged
 INFO [main] 2017-01-05 13:56:01,163 ContextHandler.java (line 829) stopped o.e.j.w.WebAppContext{/,file:/E:/boyuan/boyuan/WebContent/}
ERROR [main] 2017-03-22 10:11:21,702 BtyDataConverter.java (line 34) java.lang.ArrayIndexOutOfBoundsException: 1
	at com.sam.yh.service.socket.BtyDataConverter.convert(BtyDataConverter.java:27)
	at com.sam.yh.service.socket.BtyDataConverter.main(BtyDataConverter.java:69)

ERROR [main] 2017-03-22 10:20:48,869 BtyDataConverter.java (line 34) java.lang.ArrayIndexOutOfBoundsException: 1
	at com.sam.yh.service.socket.BtyDataConverter.convert(BtyDataConverter.java:27)
	at com.sam.yh.service.socket.BtyDataConverter.main(BtyDataConverter.java:69)

ERROR [main] 2017-03-22 10:23:29,820 BtyDataConverter.java (line 34) java.lang.ArrayIndexOutOfBoundsException: 1
	at com.sam.yh.service.socket.BtyDataConverter.convert(BtyDataConverter.java:27)
	at com.sam.yh.service.socket.BtyDataConverter.main(BtyDataConverter.java:69)

ERROR [main] 2017-03-22 10:24:20,092 BtyDataConverter.java (line 34) java.lang.ArrayIndexOutOfBoundsException: 1
	at com.sam.yh.service.socket.BtyDataConverter.convert(BtyDataConverter.java:27)
	at com.sam.yh.service.socket.BtyDataConverter.main(BtyDataConverter.java:69)

